[2026-02-26 11:33:20] Program dimulai
[2026-02-26 11:33:26] Program dimulai
[2026-02-26 11:34:27] Program dimulai
[2026-02-26 11:34:48] Program dimulai
[2026-02-26 11:40:22] Program dimulai
[2026-02-26 11:41:02] Program dimulai
[2026-02-26 11:47:16] Program dimulai
[2026-02-26 11:48:29] Program dimulai
[2026-02-26 11:49:03] Program dimulai
[2026-02-26 12:27:57] Program dimulai
[2026-02-26 12:28:09] Program dimulai
[2026-02-26 12:28:17] tambah item: {item}
[2026-02-26 12:36:42] tambah item: {item}
[2026-02-26 12:44:33] Program dimulai
[2026-02-26 12:44:46] Program dimulai
[2026-02-26 12:44:54] tambah item: {item}
[2026-02-26 12:45:07] menghitung total item: {item}
[2026-02-26 12:45:15] melihat semua item: {item}
[2026-02-26 13:14:55] Program dimulai
[2026-02-26 13:15:05] tambah item: {item}
[2026-02-26 13:15:09] program telah berakhir: {item}
[2026-02-26 13:57:23] Program dimulai
[2026-02-26 13:57:33] Tambah item: nama: "anu"
[2026-02-26 13:57:37] Program selesai
[2026-02-26 14:09:19] Program dimulai
[2026-02-26 14:09:24] Tambah item: nama: "k"
[2026-02-26 14:51:06] Tambah item: nama: "aku"
[2026-02-27 08:26:59] Program dimulai
[2026-02-27 08:27:27] Tambah item: nama: "buku"
[2026-02-27 08:28:10] Program dimulai
[2026-02-27 08:28:15] Tambah item: nama: "buku"
[2026-02-27 08:32:08] Program dimulai
[2026-02-27 08:32:24] Tambah item: nama: "www"
[2026-02-27 08:32:32] Hapus item nomor: 11
[2026-02-27 08:32:55] Hapus item nomor: 7
[2026-02-27 08:32:58] Program selesai
[2026-02-27 08:35:38] Program dimulai
[2026-02-27 08:51:48] Tambah item: nama: "sabun"
[2026-02-27 08:52:05] Melihat semua item
[2026-02-27 08:52:07] Melihat semua item
[2026-02-27 08:52:08] Melihat semua item
[2026-02-27 08:52:10] Melihat semua item
[2026-02-27 08:52:25] Tambah item: nama: "mi ayam"
[2026-02-27 08:52:48] Edit item nomor: 1, nama_baru: "bakso"
[2026-02-27 08:52:53] Melihat semua item
[2026-02-27 08:55:44] Program selesai
[2026-02-27 08:56:06] Program dimulai
[2026-02-27 08:56:14] Menghitung total item
[2026-02-27 08:56:30] Cari item dengan kata kunci: "b"
[2026-02-27 08:56:41] Tambah item: nama: "sepatu"
[2026-02-27 08:56:47] Tambah item: nama: "sendal"
[2026-02-27 08:56:53] Melihat semua item
[2026-02-27 08:58:02] Tambah item: nama: "celana"
[2026-02-27 08:58:13] Tambah item: nama: "Baju"
[2026-02-27 08:58:25] Tambah item: nama: "usus"
[2026-02-27 08:58:38] Tambah item: nama: "hp"
[2026-02-27 08:58:41] Melihat semua item
[2026-02-27 08:59:27] Melihat semua item
[2026-02-27 08:59:35] Melihat semua item
[2026-02-27 08:59:45] Hapus item nomor: 2
[2026-02-27 09:00:02] Hapus item nomor: 3
[2026-02-27 09:00:05] Hapus item nomor: 4
[2026-02-27 09:00:06] Hapus item nomor: 5
[2026-02-27 09:00:08] Hapus item nomor: 6
[2026-02-27 09:00:10] Hapus item nomor: 7
[2026-02-27 09:00:24] Hapus item nomor: 4
[2026-02-27 09:00:28] Melihat semua item
[2026-02-27 09:01:12] Edit item nomor: 9, nama_baru: "laptop"
[2026-02-27 09:02:24] Melihat semua item
[2026-02-27 09:02:36] Tambah item: nama: "pawas"
[2026-02-27 09:02:41] Melihat semua item
[2026-02-27 09:04:25] Cari item dengan kata kunci: "ayam"
[2026-02-27 09:04:35] Menghitung total item
[2026-02-27 09:05:56] Melihat semua item
[2026-02-27 09:10:43] Cari item dengan kata kunci: "a"
[2026-02-27 10:41:09] Program dimulai
[2026-02-27 10:41:15] Tambah item: nama: "aku"
